<?xml version="1.0" encoding="UTF-8"?>
<!-- Generated by org.testng.reporters.JUnitXMLReporter -->
<testsuite hostname="DESKTOP-NU9OEBU" ignored="0" name="exampletest1" tests="5" failures="0" timestamp="17 Dec 2018 16:18:34 GMT" time="38.299" errors="0">
  <testcase name="enter_Valid_user_and" time="12.324" classname="Cucumber_Selenium.est.StepDefinition"/>
  <testcase name="create_Order" time="15.33" classname="Cucumber_Selenium.est.StepDefinition"/>
  <testcase name="end_of_Scenario" time="0.003" classname="Cucumber_Selenium.est.StepDefinition"/>
  <testcase name="close_browser" time="2.838" classname="Cucumber_Selenium.est.StepDefinition"/>
  <testcase name="runOnceAfterClass" time="0.009" classname="Cucumber_Selenium.est.StepDefinition"/>
</testsuite> <!-- exampletest1 -->
