<?xml version="1.0" encoding="UTF-8"?>
<testng-results skipped="0" failed="1" ignored="0" total="10" passed="9">
  <reporter-output>
  </reporter-output>
  <suite name="Suite1" duration-ms="86534" started-at="2018-12-17T16:17:56Z" finished-at="2018-12-17T16:19:23Z">
    <groups>
    </groups>
    <test name="exampletest1" duration-ms="38299" started-at="2018-12-17T16:17:56Z" finished-at="2018-12-17T16:18:34Z">
      <class name="Cucumber_Selenium.est.StepDefinition">
        <test-method status="PASS" signature="url_opened(java.lang.String)[pri:0, instance:Cucumber_Selenium.est.StepDefinition@cb644e]" name="url_opened" is-config="true" duration-ms="7735" started-at="2018-12-17T16:17:56Z" finished-at="2018-12-17T16:18:04Z">
          <params>
            <param index="0">
              <value>
                <![CDATA[chrome]]>
              </value>
            </param>
          </params>
          <reporter-output>
          </reporter-output>
        </test-method> <!-- url_opened -->
        <test-method status="PASS" signature="enter_Valid_user_and(java.lang.String, java.lang.String)[pri:2, instance:Cucumber_Selenium.est.StepDefinition@cb644e]" name="enter_Valid_user_and" duration-ms="12324" started-at="2018-12-17T16:18:04Z" data-provider="Authentication" finished-at="2018-12-17T16:18:16Z">
          <params>
            <param index="0">
              <value>
                <![CDATA[vamsi2787@gmail.com]]>
              </value>
            </param>
            <param index="1">
              <value>
                <![CDATA[Vamsi22338]]>
              </value>
            </param>
          </params>
          <reporter-output>
          </reporter-output>
        </test-method> <!-- enter_Valid_user_and -->
        <test-method status="PASS" signature="create_Order()[pri:3, instance:Cucumber_Selenium.est.StepDefinition@cb644e]" name="create_Order" duration-ms="15330" started-at="2018-12-17T16:18:16Z" finished-at="2018-12-17T16:18:32Z">
          <reporter-output>
          </reporter-output>
        </test-method> <!-- create_Order -->
        <test-method status="PASS" signature="end_of_Scenario()[pri:4, instance:Cucumber_Selenium.est.StepDefinition@cb644e]" name="end_of_Scenario" duration-ms="3" started-at="2018-12-17T16:18:32Z" finished-at="2018-12-17T16:18:32Z">
          <reporter-output>
          </reporter-output>
        </test-method> <!-- end_of_Scenario -->
        <test-method status="PASS" signature="close_browser()[pri:5, instance:Cucumber_Selenium.est.StepDefinition@cb644e]" name="close_browser" duration-ms="2838" started-at="2018-12-17T16:18:32Z" finished-at="2018-12-17T16:18:34Z">
          <reporter-output>
          </reporter-output>
        </test-method> <!-- close_browser -->
        <test-method status="PASS" signature="runOnceAfterClass()[pri:8, instance:Cucumber_Selenium.est.StepDefinition@cb644e]" name="runOnceAfterClass" duration-ms="9" started-at="2018-12-17T16:18:34Z" finished-at="2018-12-17T16:18:34Z">
          <reporter-output>
          </reporter-output>
        </test-method> <!-- runOnceAfterClass -->
      </class> <!-- Cucumber_Selenium.est.StepDefinition -->
    </test> <!-- exampletest1 -->
    <test name="exampletest2" duration-ms="48167" started-at="2018-12-17T16:18:35Z" finished-at="2018-12-17T16:19:23Z">
      <class name="Cucumber_Selenium.est.StepDefinition">
        <test-method status="PASS" signature="url_opened(java.lang.String)[pri:0, instance:Cucumber_Selenium.est.StepDefinition@66480dd7]" name="url_opened" is-config="true" duration-ms="16519" started-at="2018-12-17T16:18:35Z" finished-at="2018-12-17T16:18:51Z">
          <params>
            <param index="0">
              <value>
                <![CDATA[firefox]]>
              </value>
            </param>
          </params>
          <reporter-output>
          </reporter-output>
        </test-method> <!-- url_opened -->
        <test-method status="PASS" signature="enter_Valid_user_and(java.lang.String, java.lang.String)[pri:2, instance:Cucumber_Selenium.est.StepDefinition@66480dd7]" name="enter_Valid_user_and" duration-ms="11357" started-at="2018-12-17T16:18:51Z" data-provider="Authentication" finished-at="2018-12-17T16:19:02Z">
          <params>
            <param index="0">
              <value>
                <![CDATA[vamsi2787@gmail.com]]>
              </value>
            </param>
            <param index="1">
              <value>
                <![CDATA[Vamsi22338]]>
              </value>
            </param>
          </params>
          <reporter-output>
          </reporter-output>
        </test-method> <!-- enter_Valid_user_and -->
        <test-method status="PASS" signature="create_Order()[pri:3, instance:Cucumber_Selenium.est.StepDefinition@66480dd7]" name="create_Order" duration-ms="17601" started-at="2018-12-17T16:19:02Z" finished-at="2018-12-17T16:19:20Z">
          <reporter-output>
          </reporter-output>
        </test-method> <!-- create_Order -->
        <test-method status="PASS" signature="end_of_Scenario()[pri:4, instance:Cucumber_Selenium.est.StepDefinition@66480dd7]" name="end_of_Scenario" duration-ms="8" started-at="2018-12-17T16:19:20Z" finished-at="2018-12-17T16:19:20Z">
          <reporter-output>
          </reporter-output>
        </test-method> <!-- end_of_Scenario -->
        <test-method status="FAIL" signature="close_browser()[pri:5, instance:Cucumber_Selenium.est.StepDefinition@66480dd7]" name="close_browser" duration-ms="2652" started-at="2018-12-17T16:19:20Z" finished-at="2018-12-17T16:19:23Z">
          <exception class="org.openqa.selenium.NoSuchSessionException">
            <message>
              <![CDATA[Tried to run command without establishing a connection
Build info: version: '3.14.0', revision: 'aacccce0', time: '2018-08-02T20:19:58.91Z'
System info: host: 'DESKTOP-NU9OEBU', ip: '192.168.56.1', os.name: 'Windows 10', os.arch: 'amd64', os.version: '10.0', java.version: '1.8.0_181'
Driver info: org.openqa.selenium.firefox.FirefoxDriver
Capabilities {acceptInsecureCerts: true, browserName: firefox, browserVersion: 64.0, javascriptEnabled: true, moz:accessibilityChecks: false, moz:geckodriverVersion: 0.23.0, moz:headless: false, moz:processID: 14120, moz:profile: C:\Users\vamsi\AppData\Loca..., moz:shutdownTimeout: 60000, moz:useNonSpecCompliantPointerOrigin: false, moz:webdriverClick: true, pageLoadStrategy: normal, platform: WINDOWS, platformName: WINDOWS, platformVersion: 10.0, rotatable: false, setWindowRect: true, timeouts: {implicit: 0, pageLoad: 300000, script: 30000}, unhandledPromptBehavior: dismiss and notify}
Session ID: 18f99823-042e-4cce-aa97-e681379f90df]]>
            </message>
            <full-stacktrace>
              <![CDATA[org.openqa.selenium.NoSuchSessionException: Tried to run command without establishing a connection
Build info: version: '3.14.0', revision: 'aacccce0', time: '2018-08-02T20:19:58.91Z'
System info: host: 'DESKTOP-NU9OEBU', ip: '192.168.56.1', os.name: 'Windows 10', os.arch: 'amd64', os.version: '10.0', java.version: '1.8.0_181'
Driver info: org.openqa.selenium.firefox.FirefoxDriver
Capabilities {acceptInsecureCerts: true, browserName: firefox, browserVersion: 64.0, javascriptEnabled: true, moz:accessibilityChecks: false, moz:geckodriverVersion: 0.23.0, moz:headless: false, moz:processID: 14120, moz:profile: C:\Users\vamsi\AppData\Loca..., moz:shutdownTimeout: 60000, moz:useNonSpecCompliantPointerOrigin: false, moz:webdriverClick: true, pageLoadStrategy: normal, platform: WINDOWS, platformName: WINDOWS, platformVersion: 10.0, rotatable: false, setWindowRect: true, timeouts: {implicit: 0, pageLoad: 300000, script: 30000}, unhandledPromptBehavior: dismiss and notify}
Session ID: 18f99823-042e-4cce-aa97-e681379f90df
at sun.reflect.NativeConstructorAccessorImpl.newInstance0(Native Method)
at sun.reflect.NativeConstructorAccessorImpl.newInstance(Unknown Source)
at sun.reflect.DelegatingConstructorAccessorImpl.newInstance(Unknown Source)
at java.lang.reflect.Constructor.newInstance(Unknown Source)
at org.openqa.selenium.remote.http.W3CHttpResponseCodec.createException(W3CHttpResponseCodec.java:187)
at org.openqa.selenium.remote.http.W3CHttpResponseCodec.decode(W3CHttpResponseCodec.java:122)
at org.openqa.selenium.remote.http.W3CHttpResponseCodec.decode(W3CHttpResponseCodec.java:49)
at org.openqa.selenium.remote.HttpCommandExecutor.execute(HttpCommandExecutor.java:158)
at org.openqa.selenium.remote.service.DriverCommandExecutor.execute(DriverCommandExecutor.java:83)
at org.openqa.selenium.remote.RemoteWebDriver.execute(RemoteWebDriver.java:548)
at org.openqa.selenium.remote.RemoteWebDriver.execute(RemoteWebDriver.java:605)
at org.openqa.selenium.remote.RemoteWebDriver.quit(RemoteWebDriver.java:448)
at Cucumber_Selenium.est.StepDefinition.close_browser(StepDefinition.java:88)
at sun.reflect.NativeMethodAccessorImpl.invoke0(Native Method)
at sun.reflect.NativeMethodAccessorImpl.invoke(Unknown Source)
at sun.reflect.DelegatingMethodAccessorImpl.invoke(Unknown Source)
at java.lang.reflect.Method.invoke(Unknown Source)
at org.testng.internal.MethodInvocationHelper.invokeMethod(MethodInvocationHelper.java:124)
at org.testng.internal.Invoker.invokeMethod(Invoker.java:580)
at org.testng.internal.Invoker.invokeTestMethod(Invoker.java:716)
at org.testng.internal.Invoker.invokeTestMethods(Invoker.java:988)
at org.testng.internal.TestMethodWorker.invokeTestMethods(TestMethodWorker.java:125)
at org.testng.internal.TestMethodWorker.run(TestMethodWorker.java:109)
at org.testng.TestRunner.privateRun(TestRunner.java:648)
at org.testng.TestRunner.run(TestRunner.java:505)
at org.testng.SuiteRunner.runTest(SuiteRunner.java:455)
at org.testng.SuiteRunner.runSequentially(SuiteRunner.java:450)
at org.testng.SuiteRunner.privateRun(SuiteRunner.java:415)
at org.testng.SuiteRunner.run(SuiteRunner.java:364)
at org.testng.SuiteRunnerWorker.runSuite(SuiteRunnerWorker.java:52)
at org.testng.SuiteRunnerWorker.run(SuiteRunnerWorker.java:84)
at org.testng.TestNG.runSuitesSequentially(TestNG.java:1208)
at org.testng.TestNG.runSuitesLocally(TestNG.java:1137)
at org.testng.TestNG.runSuites(TestNG.java:1049)
at org.testng.TestNG.run(TestNG.java:1017)
at org.testng.remote.AbstractRemoteTestNG.run(AbstractRemoteTestNG.java:114)
at org.testng.remote.RemoteTestNG.initAndRun(RemoteTestNG.java:251)
at org.testng.remote.RemoteTestNG.main(RemoteTestNG.java:77)
]]>
            </full-stacktrace>
          </exception> <!-- org.openqa.selenium.NoSuchSessionException -->
          <reporter-output>
          </reporter-output>
        </test-method> <!-- close_browser -->
        <test-method status="PASS" signature="runOnceAfterClass()[pri:8, instance:Cucumber_Selenium.est.StepDefinition@66480dd7]" name="runOnceAfterClass" duration-ms="6" started-at="2018-12-17T16:19:23Z" finished-at="2018-12-17T16:19:23Z">
          <reporter-output>
          </reporter-output>
        </test-method> <!-- runOnceAfterClass -->
      </class> <!-- Cucumber_Selenium.est.StepDefinition -->
    </test> <!-- exampletest2 -->
  </suite> <!-- Suite1 -->
</testng-results>
